{"/Users/cloud/Documents/workspace/react/react-redux-typescript-starter-kit/images.d.ts": {"path":"/Users/cloud/Documents/workspace/react/react-redux-typescript-starter-kit/images.d.ts","statementMap":{},"fnMap":{},"branchMap":{},"s":{},"f":{},"b":{},"hash":"7cdbf2d06d944e62f2fdf77873dc161609773d62"}
,"/Users/cloud/Documents/workspace/react/react-redux-typescript-starter-kit/src/epics/homeEpics.ts": {"path":"/Users/cloud/Documents/workspace/react/react-redux-typescript-starter-kit/src/epics/homeEpics.ts","statementMap":{"0":{"start":{"line":8,"column":79},"end":{"line":18,"column":3}},"1":{"start":{"line":9,"column":2},"end":{"line":18,"column":3}},"2":{"start":{"line":12,"column":6},"end":{"line":16,"column":7}},"3":{"start":{"line":13,"column":23},"end":{"line":13,"column":87}},"4":{"start":{"line":15,"column":28},"end":{"line":15,"column":89}}},"fnMap":{"0":{"name":"(anonymous_0)","decl":{"start":{"line":8,"column":79},"end":{"line":8,"column":80}},"loc":{"start":{"line":9,"column":2},"end":{"line":18,"column":3}},"line":9},"1":{"name":"(anonymous_1)","decl":{"start":{"line":11,"column":14},"end":{"line":11,"column":15}},"loc":{"start":{"line":12,"column":6},"end":{"line":16,"column":7}},"line":12},"2":{"name":"(anonymous_2)","decl":{"start":{"line":13,"column":12},"end":{"line":13,"column":13}},"loc":{"start":{"line":13,"column":23},"end":{"line":13,"column":87}},"line":13},"3":{"name":"(anonymous_3)","decl":{"start":{"line":15,"column":19},"end":{"line":15,"column":20}},"loc":{"start":{"line":15,"column":28},"end":{"line":15,"column":89}},"line":15}},"branchMap":{},"s":{"0":1,"1":2,"2":2,"3":1,"4":1},"f":{"0":2,"1":2,"2":1,"3":1},"b":{},"_coverageSchema":"43e27e138ebf9cfc5966b082cf9a028302ed4184","hash":"39413c17d127e29bd031a7e8a22c2ca5fdfdddd0"}
,"/Users/cloud/Documents/workspace/react/react-redux-typescript-starter-kit/src/reducers/homeReducer.ts": {"path":"/Users/cloud/Documents/workspace/react/react-redux-typescript-starter-kit/src/reducers/homeReducer.ts","statementMap":{"0":{"start":{"line":8,"column":44},"end":{"line":8,"column":79}},"1":{"start":{"line":10,"column":20},"end":{"line":25,"column":1}},"2":{"start":{"line":11,"column":2},"end":{"line":24,"column":3}},"3":{"start":{"line":13,"column":6},"end":{"line":16,"column":9}},"4":{"start":{"line":14,"column":8},"end":{"line":14,"column":37}},"5":{"start":{"line":15,"column":8},"end":{"line":15,"column":43}},"6":{"start":{"line":18,"column":6},"end":{"line":21,"column":9}},"7":{"start":{"line":19,"column":8},"end":{"line":19,"column":37}},"8":{"start":{"line":20,"column":8},"end":{"line":20,"column":51}},"9":{"start":{"line":23,"column":6},"end":{"line":23,"column":19}}},"fnMap":{"0":{"name":"(anonymous_0)","decl":{"start":{"line":10,"column":20},"end":{"line":10,"column":21}},"loc":{"start":{"line":10,"column":87},"end":{"line":25,"column":1}},"line":10},"1":{"name":"(anonymous_1)","decl":{"start":{"line":13,"column":28},"end":{"line":13,"column":29}},"loc":{"start":{"line":13,"column":37},"end":{"line":16,"column":7}},"line":13},"2":{"name":"(anonymous_2)","decl":{"start":{"line":18,"column":28},"end":{"line":18,"column":29}},"loc":{"start":{"line":18,"column":37},"end":{"line":21,"column":7}},"line":18}},"branchMap":{"0":{"loc":{"start":{"line":10,"column":21},"end":{"line":10,"column":57}},"type":"default-arg","locations":[{"start":{"line":10,"column":41},"end":{"line":10,"column":57}}],"line":10},"1":{"loc":{"start":{"line":11,"column":2},"end":{"line":24,"column":3}},"type":"switch","locations":[{"start":{"line":12,"column":4},"end":{"line":16,"column":9}},{"start":{"line":17,"column":4},"end":{"line":21,"column":9}},{"start":{"line":22,"column":4},"end":{"line":23,"column":19}}],"line":11}},"s":{"0":2,"1":2,"2":3,"3":1,"4":1,"5":1,"6":1,"7":1,"8":1,"9":1},"f":{"0":3,"1":1,"2":1},"b":{"0":[1],"1":[1,1,1]},"_coverageSchema":"43e27e138ebf9cfc5966b082cf9a028302ed4184","hash":"5325993c1387584adab56a1745dcae2fb07af976"}
}
