{"/Users/cloud/Documents/workspace/react/react-redux-typescript-starter-kit/images.d.ts": {"path":"/Users/cloud/Documents/workspace/react/react-redux-typescript-starter-kit/images.d.ts","statementMap":{},"fnMap":{},"branchMap":{},"s":{},"f":{},"b":{},"hash":"7cdbf2d06d944e62f2fdf77873dc161609773d62"}
,"/Users/cloud/Documents/workspace/react/react-redux-typescript-starter-kit/src/epics/homeEpics.ts": {"path":"/Users/cloud/Documents/workspace/react/react-redux-typescript-starter-kit/src/epics/homeEpics.ts","statementMap":{"0":{"start":{"line":9,"column":79},"end":{"line":22,"column":3}},"1":{"start":{"line":10,"column":2},"end":{"line":22,"column":3}},"2":{"start":{"line":16,"column":8},"end":{"line":19,"column":9}},"3":{"start":{"line":17,"column":41},"end":{"line":17,"column":109}},"4":{"start":{"line":18,"column":30},"end":{"line":18,"column":91}}},"fnMap":{"0":{"name":"(anonymous_0)","decl":{"start":{"line":9,"column":79},"end":{"line":9,"column":80}},"loc":{"start":{"line":10,"column":2},"end":{"line":22,"column":3}},"line":10},"1":{"name":"(anonymous_1)","decl":{"start":{"line":14,"column":16},"end":{"line":14,"column":17}},"loc":{"start":{"line":16,"column":8},"end":{"line":19,"column":9}},"line":16},"2":{"name":"(anonymous_2)","decl":{"start":{"line":17,"column":14},"end":{"line":17,"column":15}},"loc":{"start":{"line":17,"column":41},"end":{"line":17,"column":109}},"line":17},"3":{"name":"(anonymous_3)","decl":{"start":{"line":18,"column":21},"end":{"line":18,"column":22}},"loc":{"start":{"line":18,"column":30},"end":{"line":18,"column":91}},"line":18}},"branchMap":{},"s":{"0":1,"1":1,"2":0,"3":0,"4":0},"f":{"0":1,"1":0,"2":0,"3":0},"b":{},"_coverageSchema":"43e27e138ebf9cfc5966b082cf9a028302ed4184","hash":"5fffb566a9ff2812adb30d82e6d7cfd551fa66cc"}
,"/Users/cloud/Documents/workspace/react/react-redux-typescript-starter-kit/src/reducers/homeReducer.ts": {"path":"/Users/cloud/Documents/workspace/react/react-redux-typescript-starter-kit/src/reducers/homeReducer.ts","statementMap":{"0":{"start":{"line":8,"column":44},"end":{"line":8,"column":79}},"1":{"start":{"line":10,"column":20},"end":{"line":21,"column":1}},"2":{"start":{"line":11,"column":2},"end":{"line":20,"column":3}},"3":{"start":{"line":15,"column":6},"end":{"line":17,"column":9}},"4":{"start":{"line":16,"column":8},"end":{"line":16,"column":51}},"5":{"start":{"line":19,"column":6},"end":{"line":19,"column":19}}},"fnMap":{"0":{"name":"(anonymous_0)","decl":{"start":{"line":10,"column":20},"end":{"line":10,"column":21}},"loc":{"start":{"line":10,"column":87},"end":{"line":21,"column":1}},"line":10},"1":{"name":"(anonymous_1)","decl":{"start":{"line":15,"column":28},"end":{"line":15,"column":29}},"loc":{"start":{"line":15,"column":37},"end":{"line":17,"column":7}},"line":15}},"branchMap":{"0":{"loc":{"start":{"line":10,"column":21},"end":{"line":10,"column":57}},"type":"default-arg","locations":[{"start":{"line":10,"column":41},"end":{"line":10,"column":57}}],"line":10},"1":{"loc":{"start":{"line":11,"column":2},"end":{"line":20,"column":3}},"type":"switch","locations":[{"start":{"line":14,"column":4},"end":{"line":17,"column":9}},{"start":{"line":18,"column":4},"end":{"line":19,"column":19}}],"line":11}},"s":{"0":2,"1":2,"2":2,"3":1,"4":1,"5":1},"f":{"0":2,"1":1},"b":{"0":[1],"1":[1,1]},"_coverageSchema":"43e27e138ebf9cfc5966b082cf9a028302ed4184","hash":"d70510771e75cb97d349c8ebcb720799f752d993"}
}
